<?xml version="1.0" encoding="UTF-8"?>
<!-- Generated by org.testng.reporters.JUnitXMLReporter -->
<testsuite ignored="0" hostname="JNPC9" failures="0" tests="19" name="Cord" time="165.251" errors="0" timestamp="13 Aug 2020 09:45:33 GMT">
  <testcase classname="Sample.LoginTest" name="verifySuccessfullyLoginWithValidCredential" time="4.429"/>
  <testcase classname="Sample.ProductTest" name="VerifyAddedProductDisplayedIntoCart" time="7.665"/>
  <testcase classname="Sample.AddToCartTest" name="VerifyFinishOrderPgeIsDisplayed" time="11.667"/>
  <testcase classname="Sample.AddToCartTest" name="verifyCheckoutOverviewPageIsDisplayed" time="10.735"/>
  <testcase classname="Sample.AddToCartTest" name="verifyErrorMessageDisplayedWhenLeaveAllTheFieldBlank" time="10.331"/>
  <testcase classname="Sample.ProductTest" name="VerifyAddedProductRemoveFromTheCart" time="37.819"/>
  <testcase classname="Sample.AddToCartTest" name="verifyProductIsRemoveFromTheCart" time="9.78"/>
  <testcase classname="Sample.ProductTest" name="VerifyMenuListClosed" time="7.339"/>
  <testcase classname="Sample.ProductTest" name="VerifySauceLabPageIsDisplayed" time="12.653"/>
  <testcase classname="Sample.ProductTest" name="VerifyUserCanLogout" time="6.425"/>
  <testcase classname="Sample.AddToCartTest" name="verifyRemoveButtonIsNotDisplayed" time="35.328"/>
  <testcase classname="Sample.ProductTest" name="VerifyUserCanNavigateToPreviousPage" time="6.969"/>
  <testcase classname="Sample.AddToCartTest" name="verifyUserCanCancelCheckoutOrderAndNavigatedToYourCartPage" time="10.284"/>
  <testcase classname="Sample.ProductTest" name="VerifyValidProductPriceDisplayed" time="5.637"/>
  <testcase classname="Sample.AddToCartTest" name="verifyUserCanContinueShopping" time="8.548"/>
  <testcase classname="Sample.ProductTest" name="verifyAddedProductAddingInoCart" time="9.782"/>
  <testcase classname="Sample.ProductTest" name="verifyMenuListDisplayed" time="4.608"/>
  <testcase classname="Sample.AddToCartTest" name="verifyUserNavigatedToProductPageByClickOnCancelButton" time="14.087"/>
  <testcase classname="Sample.ProductTest" name="verifyProductDescriptionIsDisplayed" time="4.88"/>
</testsuite> <!-- Cord -->
